# JRE version: 7.0_09-b30
# Java VM: OpenJDK Server VM (23.2-b09 mixed mode linux-x86 )
Heap
 PSYoungGen      total 189888K, used 129691K [0x9e410000, 0xad030000, 0xb3410000)
  eden space 143936K, 68% used [0x9e410000,0xa43b6c38,0xa70a0000)
  from space 45952K, 69% used [0xa9f30000,0xabe30000,0xacc10000)
  to   space 47680K, 0% used [0xa70a0000,0xa70a0000,0xa9f30000)
 ParOldGen       total 143808K, used 82942K [0x74410000, 0x7d080000, 0x9e410000)
  object space 143808K, 57% used [0x74410000,0x7950f870,0x7d080000)
 PSPermGen       total 16384K, used 3315K [0x6c410000, 0x6d410000, 0x74410000)
  object space 16384K, 20% used [0x6c410000,0x6c74ce70,0x6d410000)
GC Heap History (10 events):
Event: 1.787 GC heap before
{Heap before GC invocations=8 (full 1):
 PSYoungGen      total 105856K, used 105824K [0x9e410000, 0xa83d0000, 0xb3410000)
  eden space 90240K, 100% used [0x9e410000,0xa3c30000,0xa3c30000)
  from space 15616K, 99% used [0xa7490000,0xa83c8000,0xa83d0000)
  to   space 20480K, 0% used [0xa5bd0000,0xa5bd0000,0xa6fd0000)
 ParOldGen       total 82944K, used 41608K [0x74410000, 0x79510000, 0x9e410000)
  object space 82944K, 50% used [0x74410000,0x76cb2078,0x79510000)
 PSPermGen       total 16384K, used 2003K [0x6c410000, 0x6d410000, 0x74410000)
  object space 16384K, 12% used [0x6c410000,0x6c604c98,0x6d410000)
Event: 1.929 GC heap after
Heap after GC invocations=8 (full 1):
 PSYoungGen      total 143104K, used 20480K [0x9e410000, 0xaa2d0000, 0xb3410000)
  eden space 122624K, 0% used [0x9e410000,0x9e410000,0xa5bd0000)
  from space 20480K, 100% used [0xa5bd0000,0xa6fd0000,0xa6fd0000)
  to   space 32256K, 0% used [0xa8350000,0xa8350000,0xaa2d0000)
 ParOldGen       total 82944K, used 58556K [0x74410000, 0x79510000, 0x9e410000)
  object space 82944K, 70% used [0x74410000,0x77d3f078,0x79510000)
 PSPermGen       total 16384K, used 2003K [0x6c410000, 0x6d410000, 0x74410000)
  object space 16384K, 12% used [0x6c410000,0x6c604c98,0x6d410000)
}
Event: 2.358 GC heap before
{Heap before GC invocations=9 (full 1):
 PSYoungGen      total 143104K, used 143104K [0x9e410000, 0xaa2d0000, 0xb3410000)
  eden space 122624K, 100% used [0x9e410000,0xa5bd0000,0xa5bd0000)
  from space 20480K, 100% used [0xa5bd0000,0xa6fd0000,0xa6fd0000)
  to   space 32256K, 0% used [0xa8350000,0xa8350000,0xaa2d0000)
 ParOldGen       total 82944K, used 58556K [0x74410000, 0x79510000, 0x9e410000)
  object space 82944K, 70% used [0x74410000,0x77d3f078,0x79510000)
 PSPermGen       total 16384K, used 2054K [0x6c410000, 0x6d410000, 0x74410000)
  object space 16384K, 12% used [0x6c410000,0x6c611a10,0x6d410000)
Event: 2.548 GC heap after
Heap after GC invocations=9 (full 1):
 PSYoungGen      total 150208K, used 32255K [0x9e410000, 0xae950000, 0xb3410000)
  eden space 117952K, 0% used [0x9e410000,0x9e410000,0xa5740000)
  from space 32256K, 99% used [0xa8350000,0xaa2cffa0,0xaa2d0000)
  to   space 45120K, 0% used [0xa5740000,0xa5740000,0xa8350000)
 ParOldGen       total 82944K, used 75512K [0x74410000, 0x79510000, 0x9e410000)
  object space 82944K, 91% used [0x74410000,0x78dce078,0x79510000)
 PSPermGen       total 16384K, used 2054K [0x6c410000, 0x6d410000, 0x74410000)
  object space 16384K, 12% used [0x6c410000,0x6c611a10,0x6d410000)
}
Event: 2.548 GC heap before
{Heap before GC invocations=10 (full 2):
 PSYoungGen      total 150208K, used 32255K [0x9e410000, 0xae950000, 0xb3410000)
  eden space 117952K, 0% used [0x9e410000,0x9e410000,0xa5740000)
  from space 32256K, 99% used [0xa8350000,0xaa2cffa0,0xaa2d0000)
  to   space 45120K, 0% used [0xa5740000,0xa5740000,0xa8350000)
 ParOldGen       total 82944K, used 75512K [0x74410000, 0x79510000, 0x9e410000)
  object space 82944K, 91% used [0x74410000,0x78dce078,0x79510000)
 PSPermGen       total 16384K, used 2054K [0x6c410000, 0x6d410000, 0x74410000)
  object space 16384K, 12% used [0x6c410000,0x6c611a10,0x6d410000)
Event: 3.345 GC heap after
Heap after GC invocations=10 (full 2):
 PSYoungGen      total 150208K, used 24484K [0x9e410000, 0xae950000, 0xb3410000)
  eden space 117952K, 0% used [0x9e410000,0x9e410000,0xa5740000)
  from space 32256K, 75% used [0xa8350000,0xa9b39270,0xaa2d0000)
  to   space 45120K, 0% used [0xa5740000,0xa5740000,0xa8350000)
 ParOldGen       total 143808K, used 82942K [0x74410000, 0x7d080000, 0x9e410000)
  object space 143808K, 57% used [0x74410000,0x7950f870,0x7d080000)
 PSPermGen       total 16384K, used 2054K [0x6c410000, 0x6d410000, 0x74410000)
  object space 16384K, 12% used [0x6c410000,0x6c611a10,0x6d410000)
}
Event: 3.561 GC heap before
{Heap before GC invocations=11 (full 2):
 PSYoungGen      total 150208K, used 142436K [0x9e410000, 0xae950000, 0xb3410000)
  eden space 117952K, 100% used [0x9e410000,0xa5740000,0xa5740000)
  from space 32256K, 75% used [0xa8350000,0xa9b39270,0xaa2d0000)
  to   space 45120K, 0% used [0xa5740000,0xa5740000,0xa8350000)
 ParOldGen       total 143808K, used 82942K [0x74410000, 0x7d080000, 0x9e410000)
  object space 143808K, 57% used [0x74410000,0x7950f870,0x7d080000)
 PSPermGen       total 16384K, used 2054K [0x6c410000, 0x6d410000, 0x74410000)
  object space 16384K, 12% used [0x6c410000,0x6c611a10,0x6d410000)
Event: 3.677 GC heap after
Heap after GC invocations=11 (full 2):
 PSYoungGen      total 163072K, used 28160K [0x9e410000, 0xacc10000, 0xb3410000)
  eden space 117952K, 0% used [0x9e410000,0x9e410000,0xa5740000)
  from space 45120K, 62% used [0xa5740000,0xa72c0000,0xa8350000)
  to   space 45952K, 0% used [0xa9f30000,0xa9f30000,0xacc10000)
 ParOldGen       total 143808K, used 82942K [0x74410000, 0x7d080000, 0x9e410000)
  object space 143808K, 57% used [0x74410000,0x7950f870,0x7d080000)
 PSPermGen       total 16384K, used 2054K [0x6c410000, 0x6d410000, 0x74410000)
  object space 16384K, 12% used [0x6c410000,0x6c611a10,0x6d410000)
}
Event: 3.891 GC heap before
{Heap before GC invocations=12 (full 2):
 PSYoungGen      total 163072K, used 146112K [0x9e410000, 0xacc10000, 0xb3410000)
  eden space 117952K, 100% used [0x9e410000,0xa5740000,0xa5740000)
  from space 45120K, 62% used [0xa5740000,0xa72c0000,0xa8350000)
  to   space 45952K, 0% used [0xa9f30000,0xa9f30000,0xacc10000)
 ParOldGen       total 143808K, used 82942K [0x74410000, 0x7d080000, 0x9e410000)
  object space 143808K, 57% used [0x74410000,0x7950f870,0x7d080000)
 PSPermGen       total 16384K, used 2054K [0x6c410000, 0x6d410000, 0x74410000)
  object space 16384K, 12% used [0x6c410000,0x6c611a10,0x6d410000)
Event: 3.990 GC heap after
Heap after GC invocations=12 (full 2):
 PSYoungGen      total 189888K, used 31744K [0x9e410000, 0xad030000, 0xb3410000)
  eden space 143936K, 0% used [0x9e410000,0x9e410000,0xa70a0000)
  from space 45952K, 69% used [0xa9f30000,0xabe30000,0xacc10000)
  to   space 47680K, 0% used [0xa70a0000,0xa70a0000,0xa9f30000)
 ParOldGen       total 143808K, used 82942K [0x74410000, 0x7d080000, 0x9e410000)
  object space 143808K, 57% used [0x74410000,0x7950f870,0x7d080000)
 PSPermGen       total 16384K, used 2054K [0x6c410000, 0x6d410000, 0x74410000)
  object space 16384K, 12% used [0x6c410000,0x6c611a10,0x6d410000)
}

